Using pre-set license

 COMMAND LINE ARGUMENTS:
/Applications/Unity/Unity.app/Contents/MacOS/Unity
-adb2
-batchMode
-noUpm
-name
AssetImportWorker2
-projectPath
/Users/Iniyan/Desktop/GGS/Addressable_Demo_Proj
-logFile
Logs/AssetImportWorker2.log
-srvPort
51123
Successfully changed project path to: /Users/Iniyan/Desktop/GGS/Addressable_Demo_Proj
/Users/Iniyan/Desktop/GGS/Addressable_Demo_Proj
Using Asset Import Pipeline V2.
Refreshing native plugins compatible for Editor in 105.45 ms, found 1 plugins.
Preloading 0 native plugins for Editor in 0.00 ms.
Initialize engine version: 2020.2.2f1 (068178b99f32)
[Subsystems] Discovering subsystems at path /Applications/Unity/Unity.app/Contents/Resources/UnitySubsystems
[Subsystems] Discovering subsystems at path /Users/Iniyan/Desktop/GGS/Addressable_Demo_Proj/Assets
GfxDevice: creating device client; threaded=0
2021-06-12 13:32:47.148 Unity[1664:89681] Color LCD preferred device: Intel HD Graphics 4000 (low power)
2021-06-12 13:32:47.148 Unity[1664:89681] Metal devices available: 1
2021-06-12 13:32:47.148 Unity[1664:89681] 0: Intel HD Graphics 4000 (low power)
2021-06-12 13:32:47.149 Unity[1664:89681] Using device Intel HD Graphics 4000 (low power)
Initializing Metal device caps: Intel HD Graphics 4000
Initialize mono
Mono path[0] = '/Applications/Unity/Unity.app/Contents/Managed'
Mono path[1] = '/Applications/Unity/Unity.app/Contents/MonoBleedingEdge/lib/mono/unityjit'
Mono config path = '/Applications/Unity/Unity.app/Contents/MonoBleedingEdge/etc'
Using monoOptions --debugger-agent=transport=dt_socket,embedding=1,server=y,suspend=n,address=127.0.0.1:56664
Begin MonoManager ReloadAssembly
Registering precompiled unity dll's ...
Register platform support module: /Applications/Unity/Unity.app/Contents/PlaybackEngines/MacStandaloneSupport/UnityEditor.OSXStandalone.Extensions.dll
Register platform support module: /Applications/Unity/PlaybackEngines/WindowsStandaloneSupport/UnityEditor.WindowsStandalone.Extensions.dll
Registered in 0.132378 seconds.
Native extension for WindowsStandalone target not found
Native extension for OSXStandalone target not found
Refreshing native plugins compatible for Editor in 49.53 ms, found 1 plugins.
Preloading 0 native plugins for Editor in 0.00 ms.
Invoked RoslynAnalysisRunner static constructor.
RoslynAnalysisRunner will not be running.
RoslynAnalysisRunner has terminated.
Mono: successfully reloaded assembly
- Completed reload, in  3.408 seconds
Platform modules already initialized, skipping
Registering precompiled user dll's ...
Registered in 0.079891 seconds.
