Using pre-set license

 COMMAND LINE ARGUMENTS:
/Applications/Unity/Unity.app/Contents/MacOS/Unity
-adb2
-batchMode
-noUpm
-name
AssetImportWorker14
-projectPath
/Users/Iniyan/Desktop/GGS/Addressable_Demo_Proj
-logFile
Logs/AssetImportWorker14.log
-srvPort
51123
Successfully changed project path to: /Users/Iniyan/Desktop/GGS/Addressable_Demo_Proj
/Users/Iniyan/Desktop/GGS/Addressable_Demo_Proj
Using Asset Import Pipeline V2.
Refreshing native plugins compatible for Editor in 73.38 ms, found 1 plugins.
Preloading 0 native plugins for Editor in 0.00 ms.
Initialize engine version: 2020.2.2f1 (068178b99f32)
[Subsystems] Discovering subsystems at path /Applications/Unity/Unity.app/Contents/Resources/UnitySubsystems
[Subsystems] Discovering subsystems at path /Users/Iniyan/Desktop/GGS/Addressable_Demo_Proj/Assets
GfxDevice: creating device client; threaded=0
2021-06-12 13:53:55.501 Unity[1976:109234] Color LCD preferred device: Intel HD Graphics 4000 (low power)
2021-06-12 13:53:55.501 Unity[1976:109234] Metal devices available: 1
2021-06-12 13:53:55.501 Unity[1976:109234] 0: Intel HD Graphics 4000 (low power)
2021-06-12 13:53:55.502 Unity[1976:109234] Using device Intel HD Graphics 4000 (low power)
Initializing Metal device caps: Intel HD Graphics 4000
Initialize mono
Mono path[0] = '/Applications/Unity/Unity.app/Contents/Managed'
Mono path[1] = '/Applications/Unity/Unity.app/Contents/MonoBleedingEdge/lib/mono/unityjit'
Mono config path = '/Applications/Unity/Unity.app/Contents/MonoBleedingEdge/etc'
Using monoOptions --debugger-agent=transport=dt_socket,embedding=1,server=y,suspend=n,address=127.0.0.1:56976
Begin MonoManager ReloadAssembly
Registering precompiled unity dll's ...
Register platform support module: /Applications/Unity/Unity.app/Contents/PlaybackEngines/MacStandaloneSupport/UnityEditor.OSXStandalone.Extensions.dll
Register platform support module: /Applications/Unity/PlaybackEngines/WindowsStandaloneSupport/UnityEditor.WindowsStandalone.Extensions.dll
Registered in 0.349018 seconds.
Native extension for WindowsStandalone target not found
Native extension for OSXStandalone target not found
Refreshing native plugins compatible for Editor in 44.05 ms, found 1 plugins.
Preloading 0 native plugins for Editor in 0.00 ms.
Invoked RoslynAnalysisRunner static constructor.
RoslynAnalysisRunner will not be running.
RoslynAnalysisRunner has terminated.
Mono: successfully reloaded assembly
- Completed reload, in  3.063 seconds
Platform modules already initialized, skipping
Registering precompiled user dll's ...
Registered in 0.013797 seconds.
Begin MonoManager ReloadAssembly
Native extension for WindowsStandalone target not found
Native extension for OSXStandalone target not found
Refreshing native plugins compatible for Editor in 0.34 ms, found 1 plugins.
Preloading 0 native plugins for Editor in 0.00 ms.
Invoked RoslynAnalysisRunner static constructor.
RoslynAnalysisRunner will not be running.
RoslynAnalysisRunner has terminated.
Mono: successfully reloaded assembly
- Completed reload, in  6.153 seconds
Platform modules already initialized, skipping
========================================================================
Worker process is ready to serve import requests
Launching external process: /Applications/Unity/Unity.app/Contents/Tools/UnityShaderCompiler
Launched and connected shader compiler UnityShaderCompiler after 0.08 seconds
Refreshing native plugins compatible for Editor in 0.32 ms, found 1 plugins.
Preloading 0 native plugins for Editor in 0.00 ms.
Unloading 1524 Unused Serialized files (Serialized files now loaded: 0)
System memory in use before: 149.9 MB.
System memory in use after: 150.0 MB.

Unloading 10 unused Assets to reduce memory usage. Loaded Objects now: 2457.
Total: 3.220598 ms (FindLiveObjects: 0.270503 ms CreateObjectMapping: 0.070373 ms MarkObjects: 2.761719 ms  DeleteObjects: 0.115246 ms)

========================================================================
Received Import Request.
  path: Assets/3D_Assets/smilie.png
  artifactKey: Guid(927e7f4cde62544b99cf5a7071da44ae) Importer(815301076,1909f56bfc062723c751e8b465ee728b)
Start importing Assets/3D_Assets/smilie.png using Guid(927e7f4cde62544b99cf5a7071da44ae) Importer(815301076,1909f56bfc062723c751e8b465ee728b)  -> (artifact id: '0b89cd31ff183c819b10bc3639f60c21') in 4.190621 seconds
  Import took 4.208569 seconds .

========================================================================
Received Import Request.
  Time since last request: 48.269361 seconds.
  path: Assets/AddressableAssetsData/AssetGroups/Objects.asset
  artifactKey: Guid(189e45c9ed6164dc699746e5f8b56bee) Importer(815301076,1909f56bfc062723c751e8b465ee728b)
Start importing Assets/AddressableAssetsData/AssetGroups/Objects.asset using Guid(189e45c9ed6164dc699746e5f8b56bee) Importer(815301076,1909f56bfc062723c751e8b465ee728b)  -> (artifact id: '20a3af7a5f536346c4df91d5193685e7') in 0.417475 seconds
  Import took 0.430140 seconds .

========================================================================
Received Prepare
Registering precompiled user dll's ...
Registered in 0.000560 seconds.
Begin MonoManager ReloadAssembly
Native extension for WindowsStandalone target not found
Native extension for OSXStandalone target not found
Refreshing native plugins compatible for Editor in 0.31 ms, found 1 plugins.
Preloading 0 native plugins for Editor in 0.00 ms.
Invoked RoslynAnalysisRunner static constructor.
RoslynAnalysisRunner will not be running.
RoslynAnalysisRunner has terminated.
Mono: successfully reloaded assembly
- Completed reload, in  1.354 seconds
Platform modules already initialized, skipping
Refreshing native plugins compatible for Editor in 0.36 ms, found 1 plugins.
Preloading 0 native plugins for Editor in 0.00 ms.
Unloading 1496 Unused Serialized files (Serialized files now loaded: 0)
System memory in use before: 161.4 MB.
System memory in use after: 161.5 MB.

Unloading 5 unused Assets to reduce memory usage. Loaded Objects now: 2465.
Total: 2.502230 ms (FindLiveObjects: 0.249809 ms CreateObjectMapping: 0.064262 ms MarkObjects: 2.102462 ms  DeleteObjects: 0.083591 ms)

========================================================================
Received Prepare
Registering precompiled user dll's ...
Registered in 0.000535 seconds.
Begin MonoManager ReloadAssembly
Native extension for WindowsStandalone target not found
Native extension for OSXStandalone target not found
Refreshing native plugins compatible for Editor in 0.48 ms, found 1 plugins.
Preloading 0 native plugins for Editor in 0.00 ms.
Invoked RoslynAnalysisRunner static constructor.
RoslynAnalysisRunner will not be running.
RoslynAnalysisRunner has terminated.
Mono: successfully reloaded assembly
- Completed reload, in  1.343 seconds
Platform modules already initialized, skipping
Refreshing native plugins compatible for Editor in 0.34 ms, found 1 plugins.
Preloading 0 native plugins for Editor in 0.00 ms.
Unloading 1496 Unused Serialized files (Serialized files now loaded: 0)
System memory in use before: 161.9 MB.
System memory in use after: 162.0 MB.

Unloading 5 unused Assets to reduce memory usage. Loaded Objects now: 2467.
Total: 2.385422 ms (FindLiveObjects: 0.285391 ms CreateObjectMapping: 0.066012 ms MarkObjects: 1.956064 ms  DeleteObjects: 0.066136 ms)

========================================================================
Received Prepare
Registering precompiled user dll's ...
Registered in 0.000588 seconds.
Begin MonoManager ReloadAssembly
Native extension for WindowsStandalone target not found
Native extension for OSXStandalone target not found
Refreshing native plugins compatible for Editor in 0.31 ms, found 1 plugins.
Preloading 0 native plugins for Editor in 0.00 ms.
Invoked RoslynAnalysisRunner static constructor.
RoslynAnalysisRunner will not be running.
RoslynAnalysisRunner has terminated.
Mono: successfully reloaded assembly
- Completed reload, in  1.328 seconds
Platform modules already initialized, skipping
Refreshing native plugins compatible for Editor in 0.30 ms, found 1 plugins.
Preloading 0 native plugins for Editor in 0.00 ms.
Unloading 1496 Unused Serialized files (Serialized files now loaded: 0)
System memory in use before: 162.2 MB.
System memory in use after: 162.3 MB.

Unloading 5 unused Assets to reduce memory usage. Loaded Objects now: 2469.
Total: 2.339855 ms (FindLiveObjects: 0.247374 ms CreateObjectMapping: 0.068261 ms MarkObjects: 1.953733 ms  DeleteObjects: 0.066001 ms)

========================================================================
Received Prepare
Registering precompiled user dll's ...
Registered in 0.000586 seconds.
Begin MonoManager ReloadAssembly
Native extension for WindowsStandalone target not found
Native extension for OSXStandalone target not found
Refreshing native plugins compatible for Editor in 0.32 ms, found 1 plugins.
Preloading 0 native plugins for Editor in 0.00 ms.
Invoked RoslynAnalysisRunner static constructor.
RoslynAnalysisRunner will not be running.
RoslynAnalysisRunner has terminated.
Mono: successfully reloaded assembly
- Completed reload, in  1.263 seconds
Platform modules already initialized, skipping
Refreshing native plugins compatible for Editor in 0.31 ms, found 1 plugins.
Preloading 0 native plugins for Editor in 0.00 ms.
Unloading 1496 Unused Serialized files (Serialized files now loaded: 0)
System memory in use before: 162.9 MB.
System memory in use after: 163.0 MB.

Unloading 5 unused Assets to reduce memory usage. Loaded Objects now: 2471.
Total: 2.899923 ms (FindLiveObjects: 0.266161 ms CreateObjectMapping: 0.073170 ms MarkObjects: 2.468424 ms  DeleteObjects: 0.089921 ms)

========================================================================
Received Prepare
Registering precompiled user dll's ...
Registered in 0.000596 seconds.
Begin MonoManager ReloadAssembly
Native extension for WindowsStandalone target not found
Native extension for OSXStandalone target not found
Refreshing native plugins compatible for Editor in 0.32 ms, found 1 plugins.
Preloading 0 native plugins for Editor in 0.00 ms.
Invoked RoslynAnalysisRunner static constructor.
RoslynAnalysisRunner will not be running.
RoslynAnalysisRunner has terminated.
Mono: successfully reloaded assembly
- Completed reload, in  1.519 seconds
Platform modules already initialized, skipping
Refreshing native plugins compatible for Editor in 0.31 ms, found 1 plugins.
Preloading 0 native plugins for Editor in 0.00 ms.
Unloading 1496 Unused Serialized files (Serialized files now loaded: 0)
System memory in use before: 163.4 MB.
System memory in use after: 163.5 MB.

Unloading 5 unused Assets to reduce memory usage. Loaded Objects now: 2473.
Total: 2.417500 ms (FindLiveObjects: 0.324723 ms CreateObjectMapping: 0.072686 ms MarkObjects: 1.949304 ms  DeleteObjects: 0.067947 ms)

========================================================================
Received Import Request.
  Time since last request: 501.138494 seconds.
  path: Assets/3D_Assets/sfx1.mp3
  artifactKey: Guid(60e1cd0b99ec949aab2bf0a017396cc0) Importer(815301076,1909f56bfc062723c751e8b465ee728b)
Start importing Assets/3D_Assets/sfx1.mp3 using Guid(60e1cd0b99ec949aab2bf0a017396cc0) Importer(815301076,1909f56bfc062723c751e8b465ee728b)  -> (artifact id: 'dce75a348582d1a606d3812e182439ad') in 0.548827 seconds
  Import took 0.568369 seconds .

========================================================================
Received Prepare
Registering precompiled user dll's ...
Registered in 0.000625 seconds.
Begin MonoManager ReloadAssembly
Native extension for WindowsStandalone target not found
Native extension for OSXStandalone target not found
Refreshing native plugins compatible for Editor in 0.33 ms, found 1 plugins.
Preloading 0 native plugins for Editor in 0.00 ms.
Invoked RoslynAnalysisRunner static constructor.
RoslynAnalysisRunner will not be running.
RoslynAnalysisRunner has terminated.
Mono: successfully reloaded assembly
- Completed reload, in  1.380 seconds
Platform modules already initialized, skipping
Refreshing native plugins compatible for Editor in 0.42 ms, found 1 plugins.
Preloading 0 native plugins for Editor in 0.00 ms.
Unloading 1496 Unused Serialized files (Serialized files now loaded: 0)
System memory in use before: 168.1 MB.
System memory in use after: 168.2 MB.

Unloading 5 unused Assets to reduce memory usage. Loaded Objects now: 2481.
Total: 2.966179 ms (FindLiveObjects: 0.258701 ms CreateObjectMapping: 0.063523 ms MarkObjects: 2.567949 ms  DeleteObjects: 0.073052 ms)

========================================================================
Received Prepare
Registering precompiled user dll's ...
Registered in 0.031283 seconds.
Begin MonoManager ReloadAssembly
Native extension for WindowsStandalone target not found
Native extension for OSXStandalone target not found
Refreshing native plugins compatible for Editor in 0.31 ms, found 1 plugins.
Preloading 0 native plugins for Editor in 0.00 ms.
Invoked RoslynAnalysisRunner static constructor.
RoslynAnalysisRunner will not be running.
RoslynAnalysisRunner has terminated.
Mono: successfully reloaded assembly
- Completed reload, in  2.794 seconds
Platform modules already initialized, skipping
Refreshing native plugins compatible for Editor in 0.33 ms, found 1 plugins.
Preloading 0 native plugins for Editor in 0.00 ms.
Unloading 1496 Unused Serialized files (Serialized files now loaded: 0)
System memory in use before: 167.8 MB.
System memory in use after: 167.9 MB.

Unloading 5 unused Assets to reduce memory usage. Loaded Objects now: 2483.
Total: 2.682234 ms (FindLiveObjects: 0.380199 ms CreateObjectMapping: 0.077301 ms MarkObjects: 2.123725 ms  DeleteObjects: 0.099523 ms)

