Using pre-set license

 COMMAND LINE ARGUMENTS:
/Applications/Unity/Unity.app/Contents/MacOS/Unity
-adb2
-batchMode
-noUpm
-name
AssetImportWorker0
-projectPath
/Users/Iniyan/Desktop/GGS/Addressable_Demo_Proj
-logFile
Logs/AssetImportWorker0.log
-srvPort
51123
Successfully changed project path to: /Users/Iniyan/Desktop/GGS/Addressable_Demo_Proj
/Users/Iniyan/Desktop/GGS/Addressable_Demo_Proj
Using Asset Import Pipeline V2.
Refreshing native plugins compatible for Editor in 118.70 ms, found 1 plugins.
Preloading 0 native plugins for Editor in 0.00 ms.
Initialize engine version: 2020.2.2f1 (068178b99f32)
[Subsystems] Discovering subsystems at path /Applications/Unity/Unity.app/Contents/Resources/UnitySubsystems
[Subsystems] Discovering subsystems at path /Users/Iniyan/Desktop/GGS/Addressable_Demo_Proj/Assets
GfxDevice: creating device client; threaded=0
2021-06-12 13:31:48.702 Unity[1631:88916] Color LCD preferred device: Intel HD Graphics 4000 (low power)
2021-06-12 13:31:48.702 Unity[1631:88916] Metal devices available: 1
2021-06-12 13:31:48.702 Unity[1631:88916] 0: Intel HD Graphics 4000 (low power)
2021-06-12 13:31:48.729 Unity[1631:88916] Using device Intel HD Graphics 4000 (low power)
Initializing Metal device caps: Intel HD Graphics 4000
Initialize mono
Mono path[0] = '/Applications/Unity/Unity.app/Contents/Managed'
Mono path[1] = '/Applications/Unity/Unity.app/Contents/MonoBleedingEdge/lib/mono/unityjit'
Mono config path = '/Applications/Unity/Unity.app/Contents/MonoBleedingEdge/etc'
Using monoOptions --debugger-agent=transport=dt_socket,embedding=1,server=y,suspend=n,address=127.0.0.1:56631
Begin MonoManager ReloadAssembly
